<?xml version="1.0" encoding="UTF-8"?>
<testsuite xmlns:xsi="http://www.w3.org/2001/XMLSchema-instance" xsi:noNamespaceSchemaLocation="https://maven.apache.org/surefire/maven-surefire-plugin/xsd/surefire-test-report-3.0.xsd" version="3.0" name="com.rental.Week4.ControlFlowTest$BoundaryConditionTests" time="0.024" tests="6" errors="0" skipped="0" failures="0">
  <properties>
[...]
</properties>
  <testcase name="cf_BC4_expExact3" classname="com.rental.Week4.ControlFlowTest$BoundaryConditionTests" time="0.015"/>
  <testcase name="cf_BC1_ageExact18" classname="com.rental.Week4.ControlFlowTest$BoundaryConditionTests" time="0"/>
  <testcase name="cf_BC2_ageExact75" classname="com.rental.Week4.ControlFlowTest$BoundaryConditionTests" time="0"/>
  <testcase name="cf_BC5_ageExact24" classname="com.rental.Week4.ControlFlowTest$BoundaryConditionTests" time="0.001"/>
  <testcase name="cf_BC6_ageExact25" classname="com.rental.Week4.ControlFlowTest$BoundaryConditionTests" time="0"/>
  <testcase name="cf_BC3_expExact0" classname="com.rental.Week4.ControlFlowTest$BoundaryConditionTests" time="0"/>
</testsuite>